20260317-19:31:40.634669000 : Created session
20260317-19:31:40.634948000 : Connecting to acceptor on port 5001 (Source :0)
20260317-19:31:50.645840000 : Initiated logon request
20260317-19:31:50.645871000 : Socket Error: Transport endpoint is not connected
20260317-19:31:50.645877000 : Disconnecting
20260317-19:31:55.637523000 : Connecting to acceptor on port 5001 (Source :0)
20260317-19:32:05.644463000 : Initiated logon request
20260317-19:32:05.644494000 : Socket Error: Transport endpoint is not connected
20260317-19:32:05.644500000 : Disconnecting
20260317-19:32:17.978972000 : Created session
20260317-19:32:17.983233000 : Connecting to acceptor on port 5001 (Source :0)
20260317-19:32:32.336079000 : Initiated logon request
20260317-19:32:32.336113000 : Socket Error: Transport endpoint is not connected
20260317-19:32:32.336120000 : Disconnecting
20260317-19:32:37.327905000 : Connecting to acceptor on port 5001 (Source :0)
20260317-20:06:35.166393000 : Created session
20260317-20:06:35.167474000 : Connecting to acceptor on port 5001 (Source :0)
20260317-20:06:45.191806000 : Initiated logon request
20260317-20:06:45.191857000 : Socket Error: Transport endpoint is not connected
20260317-20:06:45.191867000 : Disconnecting
20260317-20:06:50.181745000 : Connecting to acceptor on port 5001 (Source :0)
20260317-20:07:03.105945000 : Initiated logon request
20260317-20:07:03.105975000 : Socket Error: Transport endpoint is not connected
20260317-20:07:03.105981000 : Disconnecting
20260317-20:07:08.083725000 : Connecting to acceptor on port 5001 (Source :0)
20260317-20:07:26.812444000 : Created session
20260317-20:07:26.812738000 : Connecting to acceptor on port 5001 (Source :0)
20260317-20:07:39.772147000 : Initiated logon request
20260317-20:07:39.772182000 : Socket Error: Transport endpoint is not connected
20260317-20:07:39.772188000 : Disconnecting
20260317-20:07:44.765752000 : Connecting to acceptor on port 5001 (Source :0)
20260317-20:07:54.771825000 : Initiated logon request
20260317-20:07:54.771857000 : Socket Error: Transport endpoint is not connected
20260317-20:07:54.771863000 : Disconnecting
20260317-20:07:59.753569000 : Connecting to acceptor on port 5001 (Source :0)
20260317-20:08:12.678457000 : Initiated logon request
20260317-20:08:12.678502000 : Socket Error: Transport endpoint is not connected
20260317-20:08:12.678511000 : Disconnecting
20260317-20:08:17.647933000 : Connecting to acceptor on port 5001 (Source :0)
20260317-20:08:27.655431000 : Initiated logon request
20260317-20:08:27.655461000 : Socket Error: Transport endpoint is not connected
20260317-20:08:27.655468000 : Disconnecting
20260317-20:08:32.615249000 : Connecting to acceptor on port 5001 (Source :0)
20260317-20:08:55.861775000 : Created session
20260317-20:08:55.862031000 : Connecting to acceptor on port 5001 (Source :0)
20260317-20:09:05.871455000 : Initiated logon request
20260317-20:09:05.871494000 : Socket Error: Transport endpoint is not connected
20260317-20:09:05.871501000 : Disconnecting
20260317-20:09:10.861009000 : Connecting to acceptor on port 5001 (Source :0)
20260317-20:09:23.836094000 : Initiated logon request
20260317-20:09:23.836125000 : Socket Error: Transport endpoint is not connected
20260317-20:09:23.836132000 : Disconnecting
20260317-20:09:28.816389000 : Connecting to acceptor on port 5001 (Source :0)
20260317-20:09:49.785915000 : Created session
20260317-20:09:49.786135000 : Connecting to acceptor on port 5001 (Source :0)
20260317-20:10:02.693307000 : Initiated logon request
20260317-20:10:02.693339000 : Socket Error: Transport endpoint is not connected
20260317-20:10:02.693346000 : Disconnecting
20260317-20:10:07.685690000 : Connecting to acceptor on port 5001 (Source :0)
20260317-20:10:17.692357000 : Initiated logon request
20260317-20:10:17.692390000 : Socket Error: Transport endpoint is not connected
20260317-20:10:17.692396000 : Disconnecting
20260317-20:10:22.674795000 : Connecting to acceptor on port 5001 (Source :0)
20260317-20:10:35.645428000 : Initiated logon request
20260317-20:10:35.645460000 : Socket Error: Transport endpoint is not connected
20260317-20:10:35.645476000 : Disconnecting
20260317-20:10:40.617465000 : Connecting to acceptor on port 5001 (Source :0)
20260317-20:10:50.625429000 : Initiated logon request
20260317-20:10:50.625459000 : Socket Error: Transport endpoint is not connected
20260317-20:10:50.625465000 : Disconnecting
20260317-20:10:55.587113000 : Connecting to acceptor on port 5001 (Source :0)
20260317-20:11:08.527724000 : Initiated logon request
20260317-20:11:08.527758000 : Socket Error: Transport endpoint is not connected
20260317-20:11:08.527764000 : Disconnecting
20260317-20:11:13.479159000 : Connecting to acceptor on port 5001 (Source :0)
20260317-20:11:23.481269000 : Initiated logon request
20260317-20:11:23.481303000 : Socket Error: Transport endpoint is not connected
20260317-20:11:23.481310000 : Disconnecting
20260317-20:11:28.422567000 : Connecting to acceptor on port 5001 (Source :0)
20260317-20:11:38.431306000 : Initiated logon request
20260317-20:11:38.431337000 : Socket Error: Transport endpoint is not connected
20260317-20:11:38.431342000 : Disconnecting
20260317-20:11:43.339078000 : Connecting to acceptor on port 5001 (Source :0)
20260317-20:11:53.344565000 : Initiated logon request
20260317-20:11:53.344598000 : Socket Error: Transport endpoint is not connected
20260317-20:11:53.344603000 : Disconnecting
20260317-20:11:58.265214000 : Connecting to acceptor on port 5001 (Source :0)
20260317-20:12:08.272290000 : Initiated logon request
20260317-20:12:08.272323000 : Socket Error: Transport endpoint is not connected
20260317-20:12:08.272330000 : Disconnecting
20260317-20:12:13.182883000 : Connecting to acceptor on port 5001 (Source :0)
20260317-20:12:26.087959000 : Initiated logon request
20260317-20:12:26.087997000 : Socket Error: Transport endpoint is not connected
20260317-20:12:26.088003000 : Disconnecting
20260317-20:12:31.968612000 : Connecting to acceptor on port 5001 (Source :0)
20260317-20:12:41.978189000 : Initiated logon request
20260317-20:12:41.978221000 : Socket Error: Transport endpoint is not connected
20260317-20:12:41.978226000 : Disconnecting
20260317-20:12:46.867037000 : Connecting to acceptor on port 5001 (Source :0)
20260317-20:12:59.813198000 : Initiated logon request
20260317-20:12:59.813235000 : Socket Error: Transport endpoint is not connected
20260317-20:12:59.813241000 : Disconnecting
20260317-20:13:04.692573000 : Connecting to acceptor on port 5001 (Source :0)
20260317-20:13:14.702570000 : Initiated logon request
20260317-20:13:14.702619000 : Socket Error: Transport endpoint is not connected
20260317-20:13:14.702626000 : Disconnecting
20260317-20:13:19.570343000 : Connecting to acceptor on port 5001 (Source :0)
20260317-20:13:32.530369000 : Initiated logon request
20260317-20:13:32.530401000 : Socket Error: Transport endpoint is not connected
20260317-20:13:32.530407000 : Disconnecting
20260317-20:13:37.387787000 : Connecting to acceptor on port 5001 (Source :0)
20260317-20:13:47.394824000 : Initiated logon request
20260317-20:13:47.394859000 : Socket Error: Transport endpoint is not connected
20260317-20:13:47.394865000 : Disconnecting
20260317-20:13:52.239971000 : Connecting to acceptor on port 5001 (Source :0)
20260317-20:14:05.193458000 : Initiated logon request
20260317-20:14:05.193492000 : Socket Error: Transport endpoint is not connected
20260317-20:14:05.193498000 : Disconnecting
20260317-20:14:10.031325000 : Connecting to acceptor on port 5001 (Source :0)
20260317-20:14:20.040984000 : Initiated logon request
20260317-20:14:20.041017000 : Socket Error: Transport endpoint is not connected
20260317-20:14:20.041023000 : Disconnecting
20260317-20:14:25.832620000 : Connecting to acceptor on port 5001 (Source :0)
20260317-20:14:38.740517000 : Initiated logon request
20260317-20:14:38.740562000 : Socket Error: Transport endpoint is not connected
20260317-20:14:38.740569000 : Disconnecting
20260317-20:14:43.555615000 : Connecting to acceptor on port 5001 (Source :0)
20260317-20:14:53.559935000 : Initiated logon request
20260317-20:14:53.559968000 : Socket Error: Transport endpoint is not connected
20260317-20:14:53.559986000 : Disconnecting
20260317-20:15:21.593819000 : Created session
20260317-20:15:21.594150000 : Connecting to fix-acceptor on port 5001 (Source :0)
20260317-20:15:21.595070000 : Initiated logon request
20260317-20:15:21.595095000 : Socket Error: Connection reset by peer.
20260317-20:15:21.595101000 : Disconnecting
20260317-20:15:26.591257000 : Connecting to fix-acceptor on port 5001 (Source :0)
20260317-20:15:26.592103000 : Initiated logon request
20260317-20:15:26.592560000 : Received logon response
20260317-20:15:26.592765000 : Received ResendRequest FROM: 1 TO: 0
20260317-20:15:26.592878000 : Sent SequenceReset TO: 33
20260317-20:16:02.873025000 : Sent test request TEST
20260317-20:16:53.656257000 : Created session
20260317-20:16:53.656585000 : Connecting to fix-acceptor on port 5001 (Source :0)
20260317-20:16:53.661497000 : Initiated logon request
20260317-20:16:53.661532000 : Socket Error: Connection reset by peer.
20260317-20:16:53.661539000 : Disconnecting
20260317-20:16:59.615720000 : Connecting to fix-acceptor on port 5001 (Source :0)
20260317-20:16:59.616396000 : Initiated logon request
20260317-20:16:59.616659000 : Received logon response
20260317-20:16:59.616796000 : Received ResendRequest FROM: 33 TO: 0
20260317-20:16:59.617138000 : Resending Message: 33
20260317-20:16:59.617200000 : Resending Message: 34
20260317-20:16:59.617248000 : Resending Message: 35
20260317-20:16:59.617282000 : Resending Message: 36
20260317-20:16:59.617311000 : Resending Message: 37
20260317-20:16:59.617348000 : Resending Message: 38
20260317-20:16:59.617375000 : Resending Message: 39
20260317-20:16:59.617412000 : Resending Message: 40
20260317-20:16:59.617468000 : Resending Message: 41
20260317-20:16:59.617503000 : Resending Message: 42
20260317-20:16:59.617532000 : Resending Message: 43
20260317-20:16:59.617560000 : Resending Message: 44
20260317-20:16:59.617588000 : Resending Message: 45
20260317-20:16:59.617615000 : Resending Message: 46
20260317-20:16:59.617642000 : Resending Message: 47
20260317-20:16:59.617669000 : Resending Message: 48
20260317-20:16:59.617722000 : Resending Message: 49
20260317-20:16:59.617762000 : Resending Message: 50
20260317-20:16:59.617792000 : Resending Message: 51
20260317-20:16:59.617819000 : Resending Message: 52
20260317-20:16:59.617848000 : Resending Message: 53
20260317-20:16:59.617876000 : Resending Message: 54
20260317-20:16:59.617903000 : Resending Message: 55
20260317-20:16:59.617933000 : Resending Message: 56
20260317-20:16:59.617986000 : Resending Message: 57
20260317-20:16:59.618037000 : Resending Message: 58
20260317-20:16:59.618073000 : Resending Message: 59
20260317-20:16:59.618113000 : Resending Message: 60
20260317-20:16:59.618159000 : Resending Message: 61
20260317-20:16:59.618209000 : Resending Message: 62
20260317-20:16:59.618244000 : Resending Message: 63
20260317-20:16:59.618273000 : Resending Message: 64
20260317-20:16:59.618327000 : Resending Message: 65
20260317-20:16:59.618361000 : Resending Message: 66
20260317-20:16:59.618389000 : Resending Message: 67
20260317-20:16:59.618421000 : Resending Message: 68
20260317-20:16:59.618450000 : Resending Message: 69
20260317-20:16:59.618477000 : Resending Message: 70
20260317-20:16:59.618504000 : Resending Message: 71
20260317-20:16:59.618531000 : Resending Message: 72
20260317-20:16:59.618571000 : Resending Message: 73
20260317-20:16:59.618603000 : Resending Message: 74
20260317-20:16:59.618631000 : Resending Message: 75
20260317-20:16:59.618658000 : Resending Message: 76
20260317-20:16:59.618688000 : Resending Message: 77
20260317-20:16:59.618727000 : Resending Message: 78
20260317-20:16:59.618756000 : Resending Message: 79
20260317-20:16:59.618795000 : Resending Message: 80
20260317-20:16:59.618828000 : Resending Message: 81
20260317-20:16:59.618855000 : Resending Message: 82
20260317-20:16:59.618882000 : Resending Message: 83
20260317-20:16:59.618909000 : Resending Message: 84
20260317-20:16:59.618935000 : Resending Message: 85
20260317-20:16:59.618962000 : Resending Message: 86
20260317-20:16:59.619001000 : Resending Message: 87
20260317-20:16:59.619040000 : Resending Message: 88
20260317-20:16:59.619070000 : Resending Message: 89
20260317-20:16:59.619095000 : Resending Message: 90
20260317-20:16:59.619120000 : Resending Message: 91
20260317-20:16:59.619145000 : Resending Message: 92
20260317-20:16:59.619169000 : Resending Message: 93
20260317-20:16:59.619194000 : Resending Message: 94
20260317-20:16:59.619229000 : Resending Message: 95
20260317-20:16:59.619258000 : Resending Message: 96
20260317-20:16:59.619284000 : Resending Message: 97
20260317-20:16:59.619308000 : Resending Message: 98
20260317-20:16:59.619333000 : Resending Message: 99
20260317-20:16:59.619358000 : Resending Message: 100
20260317-20:16:59.619384000 : Resending Message: 101
20260317-20:16:59.619410000 : Resending Message: 102
20260317-20:16:59.619446000 : Resending Message: 103
20260317-20:16:59.619476000 : Resending Message: 104
20260317-20:16:59.619504000 : Resending Message: 105
20260317-20:16:59.619533000 : Resending Message: 106
20260317-20:16:59.619558000 : Resending Message: 107
20260317-20:16:59.619582000 : Resending Message: 108
20260317-20:16:59.619606000 : Resending Message: 109
20260317-20:16:59.619643000 : Resending Message: 110
20260317-20:16:59.619673000 : Resending Message: 111
20260317-20:16:59.619699000 : Resending Message: 112
20260317-20:16:59.619723000 : Resending Message: 113
20260317-20:16:59.619748000 : Resending Message: 114
20260317-20:16:59.619773000 : Resending Message: 115
20260317-20:16:59.619797000 : Resending Message: 116
20260317-20:16:59.619822000 : Resending Message: 117
20260317-20:16:59.619847000 : Resending Message: 118
20260317-20:16:59.619874000 : Resending Message: 119
20260317-20:16:59.619899000 : Resending Message: 120
20260317-20:16:59.619925000 : Resending Message: 121
20260317-20:16:59.619949000 : Resending Message: 122
20260317-20:16:59.619979000 : Resending Message: 123
20260317-20:16:59.620007000 : Resending Message: 124
20260317-20:16:59.620032000 : Resending Message: 125
20260317-20:16:59.620074000 : Resending Message: 126
20260317-20:16:59.620100000 : Resending Message: 127
20260317-20:16:59.620125000 : Resending Message: 128
20260317-20:16:59.620151000 : Resending Message: 129
20260317-20:16:59.620176000 : Resending Message: 130
20260317-20:16:59.620201000 : Resending Message: 131
20260317-20:16:59.620225000 : Resending Message: 132
20260317-20:16:59.620251000 : Resending Message: 133
20260317-20:16:59.620275000 : Resending Message: 134
20260317-20:16:59.620300000 : Resending Message: 135
20260317-20:16:59.620325000 : Resending Message: 136
20260317-20:16:59.620350000 : Resending Message: 137
20260317-20:16:59.620374000 : Resending Message: 138
20260317-20:16:59.620399000 : Resending Message: 139
20260317-20:16:59.620423000 : Resending Message: 140
20260317-20:16:59.620452000 : Resending Message: 141
20260317-20:16:59.620478000 : Resending Message: 142
20260317-20:16:59.620503000 : Resending Message: 143
20260317-20:16:59.620528000 : Resending Message: 144
20260317-20:16:59.620552000 : Resending Message: 145
20260317-20:16:59.620577000 : Resending Message: 146
20260317-20:16:59.620603000 : Resending Message: 147
20260317-20:16:59.620627000 : Resending Message: 148
20260317-20:16:59.620669000 : Resending Message: 149
20260317-20:16:59.620702000 : Resending Message: 150
20260317-20:16:59.620727000 : Resending Message: 151
20260317-20:16:59.620753000 : Resending Message: 152
20260317-20:16:59.620778000 : Resending Message: 153
20260317-20:16:59.620803000 : Resending Message: 154
20260317-20:16:59.620827000 : Resending Message: 155
20260317-20:16:59.620852000 : Resending Message: 156
20260317-20:16:59.620876000 : Resending Message: 157
20260317-20:16:59.620901000 : Resending Message: 158
20260317-20:16:59.620930000 : Resending Message: 159
20260317-20:16:59.620956000 : Resending Message: 160
20260317-20:16:59.620987000 : Resending Message: 161
20260317-20:16:59.621029000 : Resending Message: 162
20260317-20:16:59.621056000 : Resending Message: 163
20260317-20:16:59.621081000 : Resending Message: 164
20260317-20:16:59.621112000 : Resending Message: 165
20260317-20:16:59.621138000 : Resending Message: 166
20260317-20:16:59.621163000 : Resending Message: 167
20260317-20:16:59.621189000 : Resending Message: 168
20260317-20:16:59.621214000 : Resending Message: 169
20260317-20:16:59.621238000 : Resending Message: 170
20260317-20:16:59.621263000 : Resending Message: 171
20260317-20:16:59.621287000 : Resending Message: 172
20260317-20:16:59.621311000 : Resending Message: 173
20260317-20:16:59.621336000 : Resending Message: 174
20260317-20:16:59.621361000 : Resending Message: 175
20260317-20:16:59.621385000 : Resending Message: 176
20260317-20:16:59.621415000 : Resending Message: 177
20260317-20:16:59.621441000 : Resending Message: 178
20260317-20:16:59.621466000 : Resending Message: 179
20260317-20:16:59.621490000 : Resending Message: 180
20260317-20:16:59.621515000 : Resending Message: 181
20260317-20:16:59.621540000 : Resending Message: 182
20260317-20:16:59.621566000 : Resending Message: 183
20260317-20:16:59.621591000 : Resending Message: 184
20260317-20:16:59.621617000 : Resending Message: 185
20260317-20:16:59.621641000 : Resending Message: 186
20260317-20:16:59.621665000 : Resending Message: 187
20260317-20:16:59.621690000 : Resending Message: 188
20260317-20:16:59.621716000 : Resending Message: 189
20260317-20:16:59.621742000 : Resending Message: 190
20260317-20:16:59.621768000 : Resending Message: 191
20260317-20:16:59.621793000 : Resending Message: 192
20260317-20:16:59.621817000 : Resending Message: 193
20260317-20:16:59.621842000 : Resending Message: 194
20260317-20:16:59.621890000 : Resending Message: 195
20260317-20:16:59.621924000 : Resending Message: 196
20260317-20:16:59.621951000 : Resending Message: 197
20260317-20:16:59.621988000 : Resending Message: 198
20260317-20:16:59.622027000 : Resending Message: 199
20260317-20:16:59.622066000 : Resending Message: 200
20260317-20:16:59.622095000 : Resending Message: 201
20260317-20:16:59.622121000 : Resending Message: 202
20260317-20:16:59.622166000 : Sent SequenceReset TO: 204
20260317-20:16:59.622173000 : Resending Message: 204
20260317-20:16:59.622199000 : Resending Message: 205
20260317-20:16:59.622225000 : Resending Message: 206
20260317-20:16:59.622250000 : Resending Message: 207
20260317-20:16:59.622274000 : Resending Message: 208
20260317-20:16:59.622299000 : Resending Message: 209
20260317-20:16:59.622325000 : Resending Message: 210
20260317-20:16:59.622350000 : Resending Message: 211
20260317-20:16:59.622375000 : Resending Message: 212
20260317-20:16:59.622404000 : Resending Message: 213
20260317-20:16:59.622430000 : Resending Message: 214
20260317-20:16:59.622455000 : Resending Message: 215
20260317-20:16:59.622479000 : Resending Message: 216
20260317-20:16:59.622503000 : Resending Message: 217
20260317-20:16:59.622527000 : Resending Message: 218
20260317-20:16:59.622551000 : Resending Message: 219
20260317-20:16:59.622575000 : Resending Message: 220
20260317-20:16:59.622600000 : Resending Message: 221
20260317-20:16:59.622625000 : Resending Message: 222
20260317-20:16:59.622650000 : Resending Message: 223
20260317-20:16:59.622675000 : Resending Message: 224
20260317-20:16:59.622701000 : Resending Message: 225
20260317-20:16:59.622725000 : Resending Message: 226
20260317-20:16:59.622751000 : Resending Message: 227
20260317-20:16:59.622776000 : Resending Message: 228
20260317-20:16:59.622800000 : Resending Message: 229
20260317-20:16:59.622824000 : Resending Message: 230
20260317-20:16:59.622853000 : Resending Message: 231
20260317-20:16:59.622880000 : Resending Message: 232
20260317-20:16:59.622904000 : Resending Message: 233
20260317-20:16:59.622929000 : Resending Message: 234
20260317-20:16:59.622954000 : Resending Message: 235
20260317-20:16:59.622978000 : Resending Message: 236
20260317-20:16:59.623003000 : Resending Message: 237
20260317-20:16:59.623028000 : Resending Message: 238
20260317-20:16:59.623052000 : Resending Message: 239
20260317-20:16:59.623076000 : Resending Message: 240
20260317-20:16:59.623101000 : Resending Message: 241
20260317-20:16:59.623133000 : Resending Message: 242
20260317-20:16:59.623159000 : Resending Message: 243
20260317-20:16:59.623184000 : Resending Message: 244
20260317-20:16:59.623209000 : Resending Message: 245
20260317-20:16:59.623233000 : Resending Message: 246
20260317-20:16:59.623257000 : Resending Message: 247
20260317-20:16:59.623282000 : Resending Message: 248
20260317-20:16:59.623306000 : Resending Message: 249
20260317-20:16:59.623334000 : Resending Message: 250
20260317-20:16:59.623360000 : Resending Message: 251
20260317-20:16:59.623385000 : Resending Message: 252
20260317-20:16:59.623410000 : Resending Message: 253
20260317-20:16:59.623434000 : Resending Message: 254
20260317-20:16:59.623459000 : Resending Message: 255
20260317-20:16:59.623483000 : Resending Message: 256
20260317-20:16:59.623507000 : Resending Message: 257
20260317-20:16:59.623532000 : Resending Message: 258
20260317-20:16:59.623556000 : Resending Message: 259
20260317-20:16:59.623581000 : Resending Message: 260
20260317-20:16:59.623606000 : Resending Message: 261
20260317-20:16:59.623630000 : Resending Message: 262
20260317-20:16:59.623655000 : Resending Message: 263
20260317-20:16:59.623679000 : Resending Message: 264
20260317-20:16:59.623705000 : Resending Message: 265
20260317-20:16:59.623745000 : Resending Message: 266
20260317-20:16:59.623772000 : Resending Message: 267
20260317-20:16:59.623801000 : Resending Message: 268
20260317-20:16:59.623827000 : Resending Message: 269
20260317-20:16:59.623852000 : Resending Message: 270
20260317-20:16:59.623877000 : Resending Message: 271
20260317-20:16:59.623902000 : Resending Message: 272
20260317-20:16:59.623926000 : Resending Message: 273
20260317-20:16:59.623950000 : Resending Message: 274
20260317-20:16:59.623975000 : Resending Message: 275
20260317-20:16:59.623999000 : Resending Message: 276
20260317-20:16:59.624024000 : Resending Message: 277
20260317-20:16:59.624049000 : Resending Message: 278
20260317-20:16:59.624074000 : Resending Message: 279
20260317-20:16:59.624098000 : Resending Message: 280
20260317-20:16:59.624122000 : Resending Message: 281
20260317-20:16:59.624146000 : Resending Message: 282
20260317-20:16:59.624170000 : Resending Message: 283
20260317-20:16:59.624196000 : Resending Message: 284
20260317-20:16:59.624220000 : Resending Message: 285
20260317-20:16:59.624248000 : Resending Message: 286
20260317-20:16:59.624274000 : Resending Message: 287
20260317-20:16:59.624300000 : Resending Message: 288
20260317-20:16:59.624324000 : Resending Message: 289
20260317-20:16:59.624349000 : Resending Message: 290
20260317-20:16:59.624373000 : Resending Message: 291
20260317-20:16:59.624398000 : Resending Message: 292
20260317-20:16:59.624423000 : Resending Message: 293
20260317-20:16:59.624458000 : Resending Message: 294
20260317-20:16:59.624498000 : Resending Message: 295
20260317-20:16:59.624538000 : Resending Message: 296
20260317-20:16:59.624566000 : Resending Message: 297
20260317-20:16:59.624593000 : Resending Message: 298
20260317-20:16:59.624618000 : Resending Message: 299
20260317-20:16:59.624643000 : Resending Message: 300
20260317-20:16:59.624673000 : Resending Message: 301
20260317-20:16:59.624699000 : Resending Message: 302
20260317-20:16:59.624723000 : Resending Message: 303
20260317-20:16:59.624752000 : Resending Message: 304
20260317-20:16:59.624778000 : Resending Message: 305
20260317-20:16:59.624811000 : Resending Message: 306
20260317-20:16:59.624851000 : Resending Message: 307
20260317-20:16:59.624881000 : Resending Message: 308
20260317-20:16:59.624907000 : Resending Message: 309
20260317-20:16:59.624933000 : Resending Message: 310
20260317-20:16:59.624959000 : Resending Message: 311
20260317-20:16:59.625034000 : Resending Message: 312
20260317-20:16:59.625078000 : Resending Message: 313
20260317-20:16:59.625105000 : Resending Message: 314
20260317-20:16:59.625131000 : Resending Message: 315
20260317-20:16:59.625157000 : Resending Message: 316
20260317-20:16:59.625184000 : Resending Message: 317
20260317-20:16:59.625209000 : Resending Message: 318
20260317-20:16:59.625240000 : Resending Message: 319
20260317-20:16:59.625264000 : Resending Message: 320
20260317-20:16:59.625288000 : Resending Message: 321
20260317-20:16:59.625316000 : Resending Message: 322
20260317-20:16:59.625341000 : Resending Message: 323
20260317-20:16:59.625365000 : Resending Message: 324
20260317-20:16:59.625388000 : Resending Message: 325
20260317-20:16:59.625411000 : Resending Message: 326
20260317-20:16:59.625436000 : Resending Message: 327
20260317-20:16:59.625459000 : Resending Message: 328
20260317-20:16:59.625483000 : Resending Message: 329
20260317-20:16:59.625506000 : Resending Message: 330
20260317-20:16:59.625529000 : Resending Message: 331
20260317-20:16:59.625561000 : Resending Message: 332
20260317-20:16:59.625591000 : Resending Message: 333
20260317-20:16:59.625615000 : Resending Message: 334
20260317-20:16:59.625640000 : Resending Message: 335
20260317-20:16:59.625665000 : Resending Message: 336
20260317-20:16:59.625688000 : Resending Message: 337
20260317-20:16:59.625710000 : Resending Message: 338
20260317-20:16:59.625733000 : Resending Message: 339
20260317-20:16:59.625761000 : Resending Message: 340
20260317-20:16:59.625785000 : Resending Message: 341
20260317-20:16:59.625808000 : Resending Message: 342
20260317-20:16:59.625831000 : Resending Message: 343
20260317-20:16:59.625858000 : Sent SequenceReset TO: 346
20260317-20:17:35.706431000 : Sent test request TEST
20260317-20:18:11.660718000 : Timed out waiting for heartbeat
20260317-20:18:11.660764000 : Disconnecting
20260317-20:18:11.661139000 : Initiated logon request
20260317-20:18:14.444437000 : Connecting to fix-acceptor on port 5001 (Source :0)
20260317-20:18:14.445030000 : Initiated logon request
20260317-20:18:24.639552000 : Timed out waiting for logon response
20260317-20:18:24.639615000 : Disconnecting
20260317-20:18:24.639923000 : Initiated logon request
20260317-20:18:29.267388000 : Connecting to fix-acceptor on port 5001 (Source :0)
20260317-20:18:29.268057000 : Initiated logon request
20260317-20:18:39.430724000 : Timed out waiting for logon response
20260317-20:18:39.430768000 : Disconnecting
20260317-20:18:39.431095000 : Initiated logon request
20260317-20:18:45.155693000 : Connecting to fix-acceptor on port 5001 (Source :0)
20260317-20:18:45.156332000 : Initiated logon request
20260317-20:18:55.294033000 : Timed out waiting for logon response
20260317-20:18:55.294085000 : Disconnecting
20260317-20:18:55.294396000 : Initiated logon request
20260317-20:19:00.815633000 : Connecting to fix-acceptor on port 5001 (Source :0)
20260317-20:19:00.816307000 : Initiated logon request
20260317-20:19:10.004674000 : Timed out waiting for logon response
20260317-20:19:10.004736000 : Disconnecting
20260317-20:19:10.005112000 : Initiated logon request
20260317-20:19:10.922780000 : Connecting to fix-acceptor on port 5001 (Source :0)
20260317-20:19:10.923397000 : Initiated logon request
20260317-20:19:20.269633000 : Timed out waiting for logon response
20260317-20:19:20.269674000 : Disconnecting
20260317-20:19:20.269945000 : Initiated logon request
20260317-20:19:25.763213000 : Connecting to fix-acceptor on port 5001 (Source :0)
20260317-20:19:25.763824000 : Initiated logon request
20260317-20:19:35.819064000 : Timed out waiting for logon response
20260317-20:19:35.819122000 : Disconnecting
20260317-20:19:35.819514000 : Initiated logon request
20260317-20:19:40.382113000 : Connecting to fix-acceptor on port 5001 (Source :0)
20260317-20:19:40.382948000 : Initiated logon request
20260317-20:19:50.403060000 : Timed out waiting for logon response
20260317-20:19:50.403107000 : Disconnecting
20260317-20:19:50.403444000 : Initiated logon request
20260317-20:19:55.136927000 : Connecting to fix-acceptor on port 5001 (Source :0)
20260317-20:19:55.137657000 : Initiated logon request
20260317-20:20:05.130205000 : Timed out waiting for logon response
20260317-20:20:05.130260000 : Disconnecting
20260317-20:20:05.130619000 : Initiated logon request
20260317-20:20:10.570728000 : Connecting to fix-acceptor on port 5001 (Source :0)
20260317-20:20:10.571447000 : Initiated logon request
20260317-20:20:20.528531000 : Timed out waiting for logon response
20260317-20:20:20.528586000 : Disconnecting
20260317-20:20:20.528995000 : Initiated logon request
20260317-20:20:25.046311000 : Connecting to fix-acceptor on port 5001 (Source :0)
20260317-20:20:25.047086000 : Initiated logon request
20260317-20:20:35.225237000 : Timed out waiting for logon response
20260317-20:20:35.225293000 : Disconnecting
20260317-20:20:35.225859000 : Initiated logon request
20260317-20:20:40.630096000 : Connecting to fix-acceptor on port 5001 (Source :0)
20260317-20:20:40.630787000 : Initiated logon request
20260317-20:20:50.521532000 : Timed out waiting for logon response
20260317-20:20:50.521588000 : Disconnecting
20260317-20:20:50.521918000 : Initiated logon request
20260317-20:20:55.011765000 : Connecting to fix-acceptor on port 5001 (Source :0)
20260317-20:20:55.012458000 : Initiated logon request
20260317-20:21:06.013880000 : Timed out waiting for logon response
20260317-20:21:06.013943000 : Disconnecting
20260317-20:21:06.014441000 : Initiated logon request
20260317-20:21:11.384559000 : Connecting to fix-acceptor on port 5001 (Source :0)
20260317-20:21:11.385303000 : Initiated logon request
20260317-20:21:58.482767000 : Created session
20260317-20:21:58.483095000 : Connecting to fix-acceptor on port 5001 (Source :0)
20260317-20:21:58.483965000 : Initiated logon request
20260317-20:21:58.483993000 : Socket Error: Connection reset by peer.
20260317-20:21:58.484000000 : Disconnecting
20260317-20:22:03.479839000 : Connecting to fix-acceptor on port 5001 (Source :0)
20260317-20:22:03.480542000 : Initiated logon request
20260317-20:22:03.480971000 : Received logon response
20260317-20:22:03.481215000 : Received ResendRequest FROM: 33 TO: 0
20260317-20:22:03.481791000 : Resending Message: 33
20260317-20:22:03.481839000 : Resending Message: 34
20260317-20:22:03.481892000 : Resending Message: 35
20260317-20:22:03.481928000 : Resending Message: 36
20260317-20:22:03.481960000 : Resending Message: 37
20260317-20:22:03.482009000 : Resending Message: 38
20260317-20:22:03.482042000 : Resending Message: 39
20260317-20:22:03.482075000 : Resending Message: 40
20260317-20:22:03.482143000 : Resending Message: 41
20260317-20:22:03.482182000 : Resending Message: 42
20260317-20:22:03.482211000 : Resending Message: 43
20260317-20:22:03.482239000 : Resending Message: 44
20260317-20:22:03.482268000 : Resending Message: 45
20260317-20:22:03.482296000 : Resending Message: 46
20260317-20:22:03.482324000 : Resending Message: 47
20260317-20:22:03.482353000 : Resending Message: 48
20260317-20:22:03.482407000 : Resending Message: 49
20260317-20:22:03.482442000 : Resending Message: 50
20260317-20:22:03.482471000 : Resending Message: 51
20260317-20:22:03.482519000 : Resending Message: 52
20260317-20:22:03.482571000 : Resending Message: 53
20260317-20:22:03.482605000 : Resending Message: 54
20260317-20:22:03.482641000 : Resending Message: 55
20260317-20:22:03.482672000 : Resending Message: 56
20260317-20:22:03.482730000 : Resending Message: 57
20260317-20:22:03.482766000 : Resending Message: 58
20260317-20:22:03.482801000 : Resending Message: 59
20260317-20:22:03.482858000 : Resending Message: 60
20260317-20:22:03.482895000 : Resending Message: 61
20260317-20:22:03.482944000 : Resending Message: 62
20260317-20:22:03.482979000 : Resending Message: 63
20260317-20:22:03.483008000 : Resending Message: 64
20260317-20:22:03.483063000 : Resending Message: 65
20260317-20:22:03.483099000 : Resending Message: 66
20260317-20:22:03.483128000 : Resending Message: 67
20260317-20:22:03.483156000 : Resending Message: 68
20260317-20:22:03.483184000 : Resending Message: 69
20260317-20:22:03.483213000 : Resending Message: 70
20260317-20:22:03.483266000 : Resending Message: 71
20260317-20:22:03.483316000 : Resending Message: 72
20260317-20:22:03.483361000 : Resending Message: 73
20260317-20:22:03.483420000 : Resending Message: 74
20260317-20:22:03.483456000 : Resending Message: 75
20260317-20:22:03.483485000 : Resending Message: 76
20260317-20:22:03.483518000 : Resending Message: 77
20260317-20:22:03.483573000 : Resending Message: 78
20260317-20:22:03.483670000 : Resending Message: 79
20260317-20:22:03.483995000 : Resending Message: 80
20260317-20:22:03.484131000 : Resending Message: 81
20260317-20:22:03.484280000 : Resending Message: 82
20260317-20:22:03.484493000 : Resending Message: 83
20260317-20:22:03.484528000 : Resending Message: 84
20260317-20:22:03.484559000 : Resending Message: 85
20260317-20:22:03.484588000 : Resending Message: 86
20260317-20:22:03.484617000 : Resending Message: 87
20260317-20:22:03.484661000 : Resending Message: 88
20260317-20:22:03.484696000 : Resending Message: 89
20260317-20:22:03.484725000 : Resending Message: 90
20260317-20:22:03.484753000 : Resending Message: 91
20260317-20:22:03.484782000 : Resending Message: 92
20260317-20:22:03.484810000 : Resending Message: 93
20260317-20:22:03.484862000 : Resending Message: 94
20260317-20:22:03.484912000 : Resending Message: 95
20260317-20:22:03.484948000 : Resending Message: 96
20260317-20:22:03.484979000 : Resending Message: 97
20260317-20:22:03.485007000 : Resending Message: 98
20260317-20:22:03.485035000 : Resending Message: 99
20260317-20:22:03.485064000 : Resending Message: 100
20260317-20:22:03.485093000 : Resending Message: 101
20260317-20:22:03.485131000 : Resending Message: 102
20260317-20:22:03.485173000 : Resending Message: 103
20260317-20:22:03.485207000 : Resending Message: 104
20260317-20:22:03.485257000 : Resending Message: 105
20260317-20:22:03.485286000 : Resending Message: 106
20260317-20:22:03.485313000 : Resending Message: 107
20260317-20:22:03.485341000 : Resending Message: 108
20260317-20:22:03.485370000 : Resending Message: 109
20260317-20:22:03.485411000 : Resending Message: 110
20260317-20:22:03.485457000 : Resending Message: 111
20260317-20:22:03.485512000 : Resending Message: 112
20260317-20:22:03.485552000 : Resending Message: 113
20260317-20:22:03.485583000 : Resending Message: 114
20260317-20:22:03.485611000 : Resending Message: 115
20260317-20:22:03.485640000 : Resending Message: 116
20260317-20:22:03.485669000 : Resending Message: 117
20260317-20:22:03.485716000 : Resending Message: 118
20260317-20:22:03.485746000 : Resending Message: 119
20260317-20:22:03.485783000 : Resending Message: 120
20260317-20:22:03.485827000 : Resending Message: 121
20260317-20:22:03.485859000 : Resending Message: 122
20260317-20:22:03.485887000 : Resending Message: 123
20260317-20:22:03.485931000 : Resending Message: 124
20260317-20:22:03.485967000 : Resending Message: 125
20260317-20:22:03.485996000 : Resending Message: 126
20260317-20:22:03.486024000 : Resending Message: 127
20260317-20:22:03.486053000 : Resending Message: 128
20260317-20:22:03.486081000 : Resending Message: 129
20260317-20:22:03.486121000 : Resending Message: 130
20260317-20:22:03.486178000 : Resending Message: 131
20260317-20:22:03.486212000 : Resending Message: 132
20260317-20:22:03.486242000 : Resending Message: 133
20260317-20:22:03.486270000 : Resending Message: 134
20260317-20:22:03.486298000 : Resending Message: 135
20260317-20:22:03.486327000 : Resending Message: 136
20260317-20:22:03.486355000 : Resending Message: 137
20260317-20:22:03.486383000 : Resending Message: 138
20260317-20:22:03.486426000 : Resending Message: 139
20260317-20:22:03.486461000 : Resending Message: 140
20260317-20:22:03.486489000 : Resending Message: 141
20260317-20:22:03.486518000 : Resending Message: 142
20260317-20:22:03.486546000 : Resending Message: 143
20260317-20:22:03.486574000 : Resending Message: 144
20260317-20:22:03.486602000 : Resending Message: 145
20260317-20:22:03.486645000 : Resending Message: 146
20260317-20:22:03.486699000 : Resending Message: 147
20260317-20:22:03.486735000 : Resending Message: 148
20260317-20:22:03.486787000 : Resending Message: 149
20260317-20:22:03.486834000 : Resending Message: 150
20260317-20:22:03.486882000 : Resending Message: 151
20260317-20:22:03.486926000 : Resending Message: 152
20260317-20:22:03.486973000 : Resending Message: 153
20260317-20:22:03.487023000 : Resending Message: 154
20260317-20:22:03.487117000 : Resending Message: 155
20260317-20:22:03.487162000 : Resending Message: 156
20260317-20:22:03.487202000 : Resending Message: 157
20260317-20:22:03.487244000 : Resending Message: 158
20260317-20:22:03.487284000 : Resending Message: 159
20260317-20:22:03.487324000 : Resending Message: 160
20260317-20:22:03.487364000 : Resending Message: 161
20260317-20:22:03.487427000 : Resending Message: 162
20260317-20:22:03.487474000 : Resending Message: 163
20260317-20:22:03.487520000 : Resending Message: 164
20260317-20:22:03.487582000 : Resending Message: 165
20260317-20:22:03.487629000 : Resending Message: 166
20260317-20:22:03.487681000 : Resending Message: 167
20260317-20:22:03.487743000 : Resending Message: 168
20260317-20:22:03.487786000 : Resending Message: 169
20260317-20:22:03.487827000 : Resending Message: 170
20260317-20:22:03.487871000 : Resending Message: 171
20260317-20:22:03.487913000 : Resending Message: 172
20260317-20:22:03.487955000 : Resending Message: 173
20260317-20:22:03.488033000 : Resending Message: 174
20260317-20:22:03.488071000 : Resending Message: 175
20260317-20:22:03.488100000 : Resending Message: 176
20260317-20:22:03.488126000 : Resending Message: 177
20260317-20:22:03.488152000 : Resending Message: 178
20260317-20:22:03.488177000 : Resending Message: 179
20260317-20:22:03.488203000 : Resending Message: 180
20260317-20:22:03.488230000 : Resending Message: 181
20260317-20:22:03.488255000 : Resending Message: 182
20260317-20:22:03.488290000 : Resending Message: 183
20260317-20:22:03.488322000 : Resending Message: 184
20260317-20:22:03.488352000 : Resending Message: 185
20260317-20:22:03.488380000 : Resending Message: 186
20260317-20:22:03.488405000 : Resending Message: 187
20260317-20:22:03.488435000 : Resending Message: 188
20260317-20:22:03.488498000 : Resending Message: 189
20260317-20:22:03.488531000 : Resending Message: 190
20260317-20:22:03.488559000 : Resending Message: 191
20260317-20:22:03.488584000 : Resending Message: 192
20260317-20:22:03.488610000 : Resending Message: 193
20260317-20:22:03.488636000 : Resending Message: 194
20260317-20:22:03.488661000 : Resending Message: 195
20260317-20:22:03.488687000 : Resending Message: 196
20260317-20:22:03.488712000 : Resending Message: 197
20260317-20:22:03.488743000 : Resending Message: 198
20260317-20:22:03.488793000 : Resending Message: 199
20260317-20:22:03.488864000 : Resending Message: 200
20260317-20:22:03.488903000 : Resending Message: 201
20260317-20:22:03.488929000 : Resending Message: 202
20260317-20:22:03.489043000 : Sent SequenceReset TO: 204
20260317-20:22:03.489057000 : Resending Message: 204
20260317-20:22:03.489094000 : Resending Message: 205
20260317-20:22:03.489122000 : Resending Message: 206
20260317-20:22:03.489149000 : Resending Message: 207
20260317-20:22:03.489176000 : Resending Message: 208
20260317-20:22:03.489201000 : Resending Message: 209
20260317-20:22:03.489227000 : Resending Message: 210
20260317-20:22:03.489253000 : Resending Message: 211
20260317-20:22:03.489278000 : Resending Message: 212
20260317-20:22:03.489304000 : Resending Message: 213
20260317-20:22:03.489330000 : Resending Message: 214
20260317-20:22:03.489355000 : Resending Message: 215
20260317-20:22:03.489381000 : Resending Message: 216
20260317-20:22:03.489418000 : Resending Message: 217
20260317-20:22:03.489468000 : Resending Message: 218
20260317-20:22:03.489502000 : Resending Message: 219
20260317-20:22:03.489529000 : Resending Message: 220
20260317-20:22:03.489555000 : Resending Message: 221
20260317-20:22:03.489585000 : Resending Message: 222
20260317-20:22:03.489613000 : Resending Message: 223
20260317-20:22:03.489638000 : Resending Message: 224
20260317-20:22:03.489664000 : Resending Message: 225
20260317-20:22:03.489691000 : Resending Message: 226
20260317-20:22:03.489717000 : Resending Message: 227
20260317-20:22:03.489744000 : Resending Message: 228
20260317-20:22:03.489776000 : Resending Message: 229
20260317-20:22:03.489822000 : Resending Message: 230
20260317-20:22:03.489853000 : Resending Message: 231
20260317-20:22:03.489910000 : Resending Message: 232
20260317-20:22:03.489949000 : Resending Message: 233
20260317-20:22:03.489977000 : Resending Message: 234
20260317-20:22:03.490002000 : Resending Message: 235
20260317-20:22:03.490028000 : Resending Message: 236
20260317-20:22:03.490054000 : Resending Message: 237
20260317-20:22:03.490079000 : Resending Message: 238
20260317-20:22:03.490105000 : Resending Message: 239
20260317-20:22:03.490134000 : Resending Message: 240
20260317-20:22:03.490161000 : Resending Message: 241
20260317-20:22:03.490187000 : Resending Message: 242
20260317-20:22:03.490213000 : Resending Message: 243
20260317-20:22:03.490238000 : Resending Message: 244
20260317-20:22:03.490264000 : Resending Message: 245
20260317-20:22:03.490289000 : Resending Message: 246
20260317-20:22:03.490317000 : Resending Message: 247
20260317-20:22:03.490368000 : Resending Message: 248
20260317-20:22:03.490398000 : Resending Message: 249
20260317-20:22:03.490424000 : Resending Message: 250
20260317-20:22:03.490449000 : Resending Message: 251
20260317-20:22:03.490475000 : Resending Message: 252
20260317-20:22:03.490500000 : Resending Message: 253
20260317-20:22:03.490525000 : Resending Message: 254
20260317-20:22:03.490553000 : Resending Message: 255
20260317-20:22:03.490579000 : Resending Message: 256
20260317-20:22:03.490604000 : Resending Message: 257
20260317-20:22:03.490634000 : Resending Message: 258
20260317-20:22:03.490662000 : Resending Message: 259
20260317-20:22:03.490687000 : Resending Message: 260
20260317-20:22:03.490712000 : Resending Message: 261
20260317-20:22:03.490738000 : Resending Message: 262
20260317-20:22:03.490763000 : Resending Message: 263
20260317-20:22:03.490805000 : Resending Message: 264
20260317-20:22:03.490845000 : Resending Message: 265
20260317-20:22:03.490883000 : Resending Message: 266
20260317-20:22:03.490913000 : Resending Message: 267
20260317-20:22:03.490942000 : Resending Message: 268
20260317-20:22:03.490988000 : Resending Message: 269
20260317-20:22:03.491042000 : Resending Message: 270
20260317-20:22:03.491091000 : Resending Message: 271
20260317-20:22:03.491122000 : Resending Message: 272
20260317-20:22:03.491148000 : Resending Message: 273
20260317-20:22:03.491174000 : Resending Message: 274
20260317-20:22:03.491199000 : Resending Message: 275
20260317-20:22:03.491231000 : Resending Message: 276
20260317-20:22:03.491258000 : Resending Message: 277
20260317-20:22:03.491283000 : Resending Message: 278
20260317-20:22:03.491309000 : Resending Message: 279
20260317-20:22:03.491334000 : Resending Message: 280
20260317-20:22:03.491360000 : Resending Message: 281
20260317-20:22:03.491392000 : Resending Message: 282
20260317-20:22:03.491434000 : Resending Message: 283
20260317-20:22:03.491463000 : Resending Message: 284
20260317-20:22:03.491488000 : Resending Message: 285
20260317-20:22:03.491515000 : Resending Message: 286
20260317-20:22:03.491540000 : Resending Message: 287
20260317-20:22:03.491566000 : Resending Message: 288
20260317-20:22:03.491592000 : Resending Message: 289
20260317-20:22:03.491618000 : Resending Message: 290
20260317-20:22:03.491645000 : Resending Message: 291
20260317-20:22:03.491670000 : Resending Message: 292
20260317-20:22:03.491707000 : Resending Message: 293
20260317-20:22:03.491879000 : Resending Message: 294
20260317-20:22:03.491934000 : Resending Message: 295
20260317-20:22:03.491977000 : Resending Message: 296
20260317-20:22:03.492013000 : Resending Message: 297
20260317-20:22:03.492040000 : Resending Message: 298
20260317-20:22:03.492079000 : Resending Message: 299
20260317-20:22:03.492120000 : Resending Message: 300
20260317-20:22:03.492159000 : Resending Message: 301
20260317-20:22:03.492233000 : Resending Message: 302
20260317-20:22:03.492277000 : Resending Message: 303
20260317-20:22:03.492308000 : Resending Message: 304
20260317-20:22:03.492336000 : Resending Message: 305
20260317-20:22:03.492363000 : Resending Message: 306
20260317-20:22:03.492389000 : Resending Message: 307
20260317-20:22:03.492416000 : Resending Message: 308
20260317-20:22:03.492442000 : Resending Message: 309
20260317-20:22:03.492477000 : Resending Message: 310
20260317-20:22:03.492503000 : Resending Message: 311
20260317-20:22:03.492534000 : Resending Message: 312
20260317-20:22:03.492562000 : Resending Message: 313
20260317-20:22:03.492588000 : Resending Message: 314
20260317-20:22:03.492615000 : Resending Message: 315
20260317-20:22:03.492641000 : Resending Message: 316
20260317-20:22:03.492670000 : Resending Message: 317
20260317-20:22:03.492696000 : Resending Message: 318
20260317-20:22:03.492722000 : Resending Message: 319
20260317-20:22:03.492746000 : Resending Message: 320
20260317-20:22:03.492769000 : Resending Message: 321
20260317-20:22:03.492793000 : Resending Message: 322
20260317-20:22:03.492817000 : Resending Message: 323
20260317-20:22:03.492840000 : Resending Message: 324
20260317-20:22:03.492865000 : Resending Message: 325
20260317-20:22:03.492889000 : Resending Message: 326
20260317-20:22:03.492913000 : Resending Message: 327
20260317-20:22:03.492937000 : Resending Message: 328
20260317-20:22:03.492961000 : Resending Message: 329
20260317-20:22:03.492988000 : Resending Message: 330
20260317-20:22:03.493014000 : Resending Message: 331
20260317-20:22:03.493039000 : Resending Message: 332
20260317-20:22:03.493073000 : Resending Message: 333
20260317-20:22:03.493098000 : Resending Message: 334
20260317-20:22:03.493122000 : Resending Message: 335
20260317-20:22:03.493147000 : Resending Message: 336
20260317-20:22:03.493170000 : Resending Message: 337
20260317-20:22:03.493193000 : Resending Message: 338
20260317-20:22:03.493217000 : Resending Message: 339
20260317-20:22:03.493240000 : Resending Message: 340
20260317-20:22:03.493270000 : Resending Message: 341
20260317-20:22:03.493307000 : Resending Message: 342
20260317-20:22:03.493342000 : Resending Message: 343
20260317-20:22:03.493386000 : Sent SequenceReset TO: 346
20260317-20:22:03.493393000 : Resending Message: 346
20260317-20:22:03.493418000 : Resending Message: 347
20260317-20:22:03.493443000 : Resending Message: 348
20260317-20:22:03.493467000 : Resending Message: 349
20260317-20:22:03.493501000 : Resending Message: 350
20260317-20:22:03.493544000 : Resending Message: 351
20260317-20:22:03.493575000 : Resending Message: 352
20260317-20:22:03.493601000 : Resending Message: 353
20260317-20:22:03.493626000 : Resending Message: 354
20260317-20:22:03.493649000 : Resending Message: 355
20260317-20:22:03.493674000 : Resending Message: 356
20260317-20:22:03.493698000 : Resending Message: 357
20260317-20:22:03.493722000 : Resending Message: 358
20260317-20:22:03.493765000 : Resending Message: 359
20260317-20:22:03.493791000 : Resending Message: 360
20260317-20:22:03.493825000 : Resending Message: 361
20260317-20:22:03.493849000 : Resending Message: 362
20260317-20:22:03.493873000 : Resending Message: 363
20260317-20:22:03.493897000 : Resending Message: 364
20260317-20:22:03.493920000 : Resending Message: 365
20260317-20:22:03.493944000 : Resending Message: 366
20260317-20:22:03.493968000 : Resending Message: 367
20260317-20:22:03.493997000 : Resending Message: 368
20260317-20:22:03.494022000 : Resending Message: 369
20260317-20:22:03.494047000 : Resending Message: 370
20260317-20:22:03.494070000 : Resending Message: 371
20260317-20:22:03.494094000 : Resending Message: 372
20260317-20:22:03.494117000 : Resending Message: 373
20260317-20:22:03.494141000 : Resending Message: 374
20260317-20:22:03.494164000 : Resending Message: 375
20260317-20:22:03.494188000 : Resending Message: 376
20260317-20:22:03.494211000 : Resending Message: 377
20260317-20:22:03.494242000 : Resending Message: 378
20260317-20:22:03.494266000 : Resending Message: 379
20260317-20:22:03.494290000 : Resending Message: 380
20260317-20:22:03.494313000 : Resending Message: 381
20260317-20:22:03.494337000 : Resending Message: 382
20260317-20:22:03.494360000 : Resending Message: 383
20260317-20:22:03.494384000 : Resending Message: 384
20260317-20:22:03.494407000 : Resending Message: 385
20260317-20:22:03.494435000 : Resending Message: 386
20260317-20:22:03.494459000 : Resending Message: 387
20260317-20:22:03.494490000 : Resending Message: 388
20260317-20:22:03.494514000 : Resending Message: 389
20260317-20:22:03.494538000 : Resending Message: 390
20260317-20:22:03.494561000 : Resending Message: 391
20260317-20:22:03.494584000 : Resending Message: 392
20260317-20:22:03.494607000 : Resending Message: 393
20260317-20:22:03.494638000 : Resending Message: 394
20260317-20:22:03.494663000 : Resending Message: 395
20260317-20:22:03.494687000 : Resending Message: 396
20260317-20:22:03.494710000 : Resending Message: 397
20260317-20:22:03.494733000 : Resending Message: 398
20260317-20:22:03.494757000 : Resending Message: 399
20260317-20:22:03.494780000 : Resending Message: 400
20260317-20:22:03.494803000 : Resending Message: 401
20260317-20:22:03.494827000 : Resending Message: 402
20260317-20:22:03.494850000 : Resending Message: 403
20260317-20:22:03.494878000 : Resending Message: 404
20260317-20:22:03.494903000 : Resending Message: 405
20260317-20:22:03.494928000 : Resending Message: 406
20260317-20:22:03.494951000 : Resending Message: 407
20260317-20:22:03.494977000 : Resending Message: 408
20260317-20:22:03.495000000 : Resending Message: 409
20260317-20:22:03.495023000 : Resending Message: 410
20260317-20:22:03.495055000 : Resending Message: 411
20260317-20:22:03.495080000 : Resending Message: 412
20260317-20:22:03.495103000 : Resending Message: 413
20260317-20:22:03.495126000 : Resending Message: 414
20260317-20:22:03.495149000 : Resending Message: 415
20260317-20:22:03.495172000 : Resending Message: 416
20260317-20:22:03.495196000 : Resending Message: 417
20260317-20:22:03.495219000 : Resending Message: 418
20260317-20:22:03.495242000 : Resending Message: 419
20260317-20:22:03.495266000 : Resending Message: 420
20260317-20:22:03.495289000 : Resending Message: 421
20260317-20:22:03.495317000 : Resending Message: 422
20260317-20:22:03.495342000 : Resending Message: 423
20260317-20:22:03.495366000 : Resending Message: 424
20260317-20:22:03.495414000 : Resending Message: 425
20260317-20:22:03.495447000 : Resending Message: 426
20260317-20:22:03.495481000 : Resending Message: 427
20260317-20:22:03.495506000 : Resending Message: 428
20260317-20:22:03.495532000 : Resending Message: 429
20260317-20:22:03.495566000 : Resending Message: 430
20260317-20:22:03.495632000 : Resending Message: 431
20260317-20:22:03.495662000 : Resending Message: 432
20260317-20:22:03.495712000 : Resending Message: 433
20260317-20:22:03.495767000 : Resending Message: 434
20260317-20:22:03.495796000 : Resending Message: 435
20260317-20:22:03.495821000 : Resending Message: 436
20260317-20:22:03.495846000 : Resending Message: 437
20260317-20:22:03.495870000 : Resending Message: 438
20260317-20:22:03.495893000 : Resending Message: 439
20260317-20:22:03.496002000 : Resending Message: 440
20260317-20:22:03.496037000 : Resending Message: 441
20260317-20:22:03.496064000 : Resending Message: 442
20260317-20:22:03.496089000 : Resending Message: 443
20260317-20:22:03.496122000 : Resending Message: 444
20260317-20:22:03.496147000 : Resending Message: 445
20260317-20:22:03.496171000 : Resending Message: 446
20260317-20:22:03.496195000 : Resending Message: 447
20260317-20:22:03.496219000 : Resending Message: 448
20260317-20:22:03.496245000 : Resending Message: 449
20260317-20:22:03.496270000 : Resending Message: 450
20260317-20:22:03.496294000 : Resending Message: 451
20260317-20:22:03.496319000 : Resending Message: 452
20260317-20:22:03.496343000 : Resending Message: 453
20260317-20:22:03.496367000 : Resending Message: 454
20260317-20:22:03.496391000 : Resending Message: 455
20260317-20:22:03.496414000 : Resending Message: 456
20260317-20:22:03.496438000 : Resending Message: 457
20260317-20:22:03.496465000 : Resending Message: 458
20260317-20:22:03.496491000 : Resending Message: 459
20260317-20:22:03.496523000 : Resending Message: 460
20260317-20:22:03.496547000 : Resending Message: 461
20260317-20:22:03.496574000 : Resending Message: 462
20260317-20:22:03.496601000 : Resending Message: 463
20260317-20:22:03.496628000 : Resending Message: 464
20260317-20:22:03.496661000 : Resending Message: 465
20260317-20:22:03.496687000 : Resending Message: 466
20260317-20:22:03.496713000 : Resending Message: 467
20260317-20:22:03.496739000 : Resending Message: 468
20260317-20:22:03.496765000 : Resending Message: 469
20260317-20:22:03.496791000 : Resending Message: 470
20260317-20:22:03.496818000 : Resending Message: 471
20260317-20:22:03.496844000 : Resending Message: 472
20260317-20:22:03.496869000 : Resending Message: 473
20260317-20:22:03.496895000 : Resending Message: 474
20260317-20:22:03.496923000 : Resending Message: 475
20260317-20:22:03.496967000 : Resending Message: 476
20260317-20:22:03.496996000 : Resending Message: 477
20260317-20:22:03.497022000 : Resending Message: 478
20260317-20:22:03.497047000 : Resending Message: 479
20260317-20:22:03.497074000 : Resending Message: 480
20260317-20:22:03.497099000 : Resending Message: 481
20260317-20:22:03.497125000 : Resending Message: 482
20260317-20:22:03.497151000 : Resending Message: 483
20260317-20:22:03.497189000 : Resending Message: 484
20260317-20:22:03.497221000 : Resending Message: 485
20260317-20:22:03.497247000 : Resending Message: 486
20260317-20:22:03.497273000 : Resending Message: 487
20260317-20:22:03.497299000 : Resending Message: 488
20260317-20:22:03.497324000 : Resending Message: 489
20260317-20:22:03.497350000 : Resending Message: 490
20260317-20:22:03.497376000 : Resending Message: 491
20260317-20:22:03.497404000 : Resending Message: 492
20260317-20:22:03.497429000 : Resending Message: 493
20260317-20:22:03.497461000 : Resending Message: 494
20260317-20:22:03.497493000 : Resending Message: 495
20260317-20:22:03.497526000 : Resending Message: 496
20260317-20:22:03.497553000 : Resending Message: 497
20260317-20:22:03.497578000 : Resending Message: 498
20260317-20:22:03.497604000 : Resending Message: 499
20260317-20:22:03.497630000 : Resending Message: 500
20260317-20:22:03.497656000 : Resending Message: 501
20260317-20:22:03.497682000 : Resending Message: 502
20260317-20:22:03.497707000 : Resending Message: 503
20260317-20:22:03.497733000 : Resending Message: 504
20260317-20:22:03.497758000 : Resending Message: 505
20260317-20:22:03.497808000 : Sent SequenceReset TO: 507
20260317-20:22:03.497815000 : Resending Message: 507
20260317-20:22:03.497844000 : Resending Message: 508
20260317-20:22:03.497889000 : Resending Message: 509
20260317-20:22:03.497932000 : Resending Message: 510
20260317-20:22:03.497960000 : Resending Message: 511
20260317-20:22:03.497987000 : Resending Message: 512
20260317-20:22:03.498022000 : Resending Message: 513
20260317-20:22:03.498049000 : Resending Message: 514
20260317-20:22:03.498087000 : Resending Message: 515
20260317-20:22:03.498117000 : Resending Message: 516
20260317-20:22:03.498144000 : Resending Message: 517
20260317-20:22:03.498171000 : Resending Message: 518
20260317-20:22:03.498197000 : Resending Message: 519
20260317-20:22:03.498222000 : Resending Message: 520
20260317-20:22:03.498248000 : Resending Message: 521
20260317-20:22:03.498273000 : Resending Message: 522
20260317-20:22:03.498298000 : Resending Message: 523
20260317-20:22:03.498324000 : Resending Message: 524
20260317-20:22:03.498350000 : Resending Message: 525
20260317-20:22:03.498376000 : Resending Message: 526
20260317-20:22:03.498401000 : Resending Message: 527
20260317-20:22:03.498427000 : Resending Message: 528
20260317-20:22:03.498452000 : Resending Message: 529
20260317-20:22:03.498477000 : Resending Message: 530
20260317-20:22:03.498508000 : Resending Message: 531
20260317-20:22:03.498539000 : Resending Message: 532
20260317-20:22:03.498576000 : Resending Message: 533
20260317-20:22:03.498605000 : Resending Message: 534
20260317-20:22:03.498631000 : Resending Message: 535
20260317-20:22:03.498656000 : Resending Message: 536
20260317-20:22:03.498682000 : Resending Message: 537
20260317-20:22:03.498708000 : Resending Message: 538
20260317-20:22:03.498740000 : Resending Message: 539
20260317-20:22:03.498783000 : Resending Message: 540
20260317-20:22:03.498814000 : Resending Message: 541
20260317-20:22:03.498863000 : Resending Message: 542
20260317-20:22:03.498912000 : Resending Message: 543
20260317-20:22:03.498957000 : Resending Message: 544
20260317-20:22:03.498987000 : Resending Message: 545
20260317-20:22:03.499025000 : Resending Message: 546
20260317-20:22:03.499058000 : Resending Message: 547
20260317-20:22:03.499084000 : Resending Message: 548
20260317-20:22:03.499115000 : Resending Message: 549
20260317-20:22:03.499141000 : Resending Message: 550
20260317-20:22:03.499167000 : Resending Message: 551
20260317-20:22:03.499193000 : Resending Message: 552
20260317-20:22:03.499218000 : Resending Message: 553
20260317-20:22:03.499243000 : Resending Message: 554
20260317-20:22:03.499271000 : Resending Message: 555
20260317-20:22:03.499296000 : Resending Message: 556
20260317-20:22:03.499321000 : Resending Message: 557
20260317-20:22:03.499348000 : Resending Message: 558
20260317-20:22:03.499374000 : Resending Message: 559
20260317-20:22:03.499420000 : Resending Message: 560
20260317-20:22:03.499456000 : Resending Message: 561
20260317-20:22:03.499483000 : Resending Message: 562
20260317-20:22:03.499509000 : Resending Message: 563
20260317-20:22:03.499553000 : Resending Message: 564
20260317-20:22:03.499586000 : Resending Message: 565
20260317-20:22:03.499613000 : Resending Message: 566
20260317-20:22:03.499643000 : Resending Message: 567
20260317-20:22:03.499671000 : Resending Message: 568
20260317-20:22:03.499703000 : Resending Message: 569
20260317-20:22:03.499758000 : Resending Message: 570
20260317-20:22:03.499812000 : Resending Message: 571
20260317-20:22:03.499852000 : Resending Message: 572
20260317-20:22:03.499879000 : Resending Message: 573
20260317-20:22:03.499905000 : Resending Message: 574
20260317-20:22:03.499931000 : Resending Message: 575
20260317-20:22:03.499959000 : Resending Message: 576
20260317-20:22:03.499985000 : Resending Message: 577
20260317-20:22:03.500010000 : Resending Message: 578
20260317-20:22:03.500036000 : Resending Message: 579
20260317-20:22:03.500061000 : Resending Message: 580
20260317-20:22:03.500088000 : Resending Message: 581
20260317-20:22:03.500133000 : Resending Message: 582
20260317-20:22:03.500172000 : Resending Message: 583
20260317-20:22:03.500199000 : Resending Message: 584
20260317-20:22:03.500230000 : Resending Message: 585
20260317-20:22:03.500258000 : Resending Message: 586
20260317-20:22:03.500283000 : Resending Message: 587
20260317-20:22:03.500309000 : Resending Message: 588
20260317-20:22:03.500335000 : Resending Message: 589
20260317-20:22:03.500360000 : Resending Message: 590
20260317-20:22:03.500385000 : Resending Message: 591
20260317-20:22:03.500411000 : Resending Message: 592
20260317-20:22:03.500436000 : Resending Message: 593
20260317-20:22:03.500461000 : Resending Message: 594
20260317-20:22:03.500487000 : Resending Message: 595
20260317-20:22:03.500512000 : Resending Message: 596
20260317-20:22:03.500540000 : Resending Message: 597
20260317-20:22:03.500565000 : Resending Message: 598
20260317-20:22:03.500590000 : Resending Message: 599
20260317-20:22:03.500616000 : Resending Message: 600
20260317-20:22:03.500641000 : Resending Message: 601
20260317-20:22:03.500666000 : Resending Message: 602
20260317-20:22:03.500696000 : Resending Message: 603
20260317-20:22:03.500723000 : Resending Message: 604
20260317-20:22:03.500751000 : Resending Message: 605
20260317-20:22:03.500800000 : Resending Message: 606
20260317-20:22:03.500851000 : Resending Message: 607
20260317-20:22:03.500911000 : Resending Message: 608
20260317-20:22:03.500949000 : Resending Message: 609
20260317-20:22:03.500997000 : Resending Message: 610
20260317-20:22:03.501045000 : Resending Message: 611
20260317-20:22:03.501097000 : Resending Message: 612
20260317-20:22:03.501143000 : Resending Message: 613
20260317-20:22:03.501181000 : Resending Message: 614
20260317-20:22:03.501224000 : Resending Message: 615
20260317-20:22:03.501265000 : Resending Message: 616
20260317-20:22:03.501301000 : Resending Message: 617
20260317-20:22:03.501348000 : Resending Message: 618
20260317-20:22:03.501377000 : Resending Message: 619
20260317-20:22:03.501418000 : Resending Message: 620
20260317-20:22:03.501464000 : Resending Message: 621
20260317-20:22:03.501504000 : Resending Message: 622
20260317-20:22:03.501553000 : Resending Message: 623
20260317-20:22:03.501599000 : Resending Message: 624
20260317-20:22:03.501628000 : Resending Message: 625
20260317-20:22:03.501655000 : Resending Message: 626
20260317-20:22:03.501687000 : Resending Message: 627
20260317-20:22:03.501731000 : Resending Message: 628
20260317-20:22:03.501772000 : Resending Message: 629
20260317-20:22:03.501822000 : Resending Message: 630
20260317-20:22:03.501873000 : Resending Message: 631
20260317-20:22:03.501928000 : Resending Message: 632
20260317-20:22:03.501982000 : Resending Message: 633
20260317-20:22:03.502034000 : Resending Message: 634
20260317-20:22:03.502067000 : Resending Message: 635
20260317-20:22:03.502094000 : Resending Message: 636
20260317-20:22:03.502120000 : Resending Message: 637
20260317-20:22:03.502145000 : Resending Message: 638
20260317-20:22:03.502190000 : Resending Message: 639
20260317-20:22:03.502221000 : Resending Message: 640
20260317-20:22:03.502247000 : Resending Message: 641
20260317-20:22:03.502273000 : Resending Message: 642
20260317-20:22:03.502299000 : Resending Message: 643
20260317-20:22:03.502338000 : Resending Message: 644
20260317-20:22:03.502379000 : Resending Message: 645
20260317-20:22:03.502407000 : Resending Message: 646
20260317-20:22:03.502433000 : Resending Message: 647
20260317-20:22:03.502459000 : Resending Message: 648
20260317-20:22:03.502484000 : Resending Message: 649
20260317-20:22:03.502510000 : Resending Message: 650
20260317-20:22:03.502542000 : Resending Message: 651
20260317-20:22:03.502589000 : Resending Message: 652
20260317-20:22:03.502620000 : Resending Message: 653
20260317-20:22:03.502647000 : Resending Message: 654
20260317-20:22:03.502673000 : Resending Message: 655
20260317-20:22:03.502716000 : Resending Message: 656
20260317-20:22:03.502766000 : Resending Message: 657
20260317-20:22:03.502809000 : Resending Message: 658
20260317-20:22:03.502858000 : Resending Message: 659
20260317-20:22:03.502891000 : Resending Message: 660
20260317-20:22:03.502918000 : Resending Message: 661
20260317-20:22:03.502945000 : Resending Message: 662
20260317-20:22:03.502971000 : Resending Message: 663
20260317-20:22:03.502996000 : Resending Message: 664
20260317-20:22:03.503022000 : Resending Message: 665
20260317-20:22:03.503048000 : Resending Message: 666
20260317-20:22:03.503073000 : Resending Message: 667
20260317-20:22:03.503100000 : Resending Message: 668
20260317-20:22:03.503126000 : Resending Message: 669
20260317-20:22:03.503152000 : Resending Message: 670
20260317-20:22:03.503177000 : Resending Message: 671
20260317-20:22:03.503203000 : Resending Message: 672
20260317-20:22:03.503228000 : Resending Message: 673
20260317-20:22:03.503254000 : Resending Message: 674
20260317-20:22:03.503284000 : Resending Message: 675
20260317-20:22:03.503311000 : Resending Message: 676
20260317-20:22:03.503353000 : Sent SequenceReset TO: 705
20260317-20:30:11.954653000 : Created session
20260317-20:30:11.955328000 : Connecting to fix-acceptor on port 5001 (Source :0)
20260317-20:30:11.957022000 : Initiated logon request
20260317-20:30:11.957049000 : Socket Error: Connection reset by peer.
20260317-20:30:11.957056000 : Disconnecting
20260317-20:30:16.953826000 : Connecting to fix-acceptor on port 5001 (Source :0)
20260317-20:30:16.954511000 : Initiated logon request
20260317-20:30:16.955344000 : Received logon response
20260317-20:30:16.955561000 : Received ResendRequest FROM: 1015 TO: 0
20260317-20:30:16.956485000 : Sent SequenceReset TO: 1017
20260317-20:41:40.228277000 : Created session
20260317-20:41:40.229788000 : Connecting to fix-acceptor on port 5001 (Source :0)
20260317-20:41:40.233195000 : Initiated logon request
20260317-20:41:40.233244000 : Socket Error: Connection reset by peer.
20260317-20:41:40.233253000 : Disconnecting
20260317-20:41:45.223640000 : Connecting to fix-acceptor on port 5001 (Source :0)
20260317-20:41:45.224470000 : Initiated logon request
20260317-20:41:45.226540000 : Received logon response
20260317-20:41:45.226726000 : Received ResendRequest FROM: 1537 TO: 0
20260317-20:41:45.226789000 : Sent SequenceReset TO: 1539
20260317-20:44:03.312307000 : Created session
20260317-20:44:03.312614000 : Connecting to fix-acceptor on port 5001 (Source :0)
20260317-20:44:03.313923000 : Initiated logon request
20260317-20:44:03.313951000 : Socket Error: Connection reset by peer.
20260317-20:44:03.313958000 : Disconnecting
20260317-20:44:08.311066000 : Connecting to fix-acceptor on port 5001 (Source :0)
20260317-20:44:08.311818000 : Initiated logon request
20260317-20:44:08.312563000 : Received logon response
20260317-20:44:08.312744000 : Received ResendRequest FROM: 2079 TO: 0
20260317-20:44:08.312945000 : Sent SequenceReset TO: 2081
20260317-20:45:24.917572000 : Created session
20260317-20:45:24.917880000 : Connecting to fix-acceptor on port 5001 (Source :0)
20260317-20:45:24.919141000 : Initiated logon request
20260317-20:45:24.919171000 : Socket Error: Connection reset by peer.
20260317-20:45:24.919199000 : Disconnecting
20260317-20:45:32.879339000 : Created session
20260317-20:45:32.879865000 : Connecting to fix-acceptor on port 5001 (Source :0)
20260317-20:45:32.881202000 : Initiated logon request
20260317-20:45:32.881242000 : Socket Error: Connection reset by peer.
20260317-20:45:32.881251000 : Disconnecting
20260317-20:45:37.875820000 : Connecting to fix-acceptor on port 5001 (Source :0)
20260317-20:45:37.876642000 : Initiated logon request
20260317-20:45:37.876943000 : Received logon response
20260317-20:45:37.877121000 : Received ResendRequest FROM: 2321 TO: 0
20260317-20:45:37.877184000 : Sent SequenceReset TO: 2324
20260317-20:47:49.482306000 : Created session
20260317-20:47:49.482595000 : Connecting to fix-acceptor on port 5001 (Source :0)
20260317-20:47:49.483631000 : Initiated logon request
20260317-20:47:49.483655000 : Socket Error: Connection reset by peer.
20260317-20:47:49.483663000 : Disconnecting
20260317-20:47:54.479990000 : Connecting to fix-acceptor on port 5001 (Source :0)
20260317-20:47:54.480744000 : Initiated logon request
20260317-20:47:54.481065000 : Received logon response
20260317-20:47:54.481249000 : Received ResendRequest FROM: 2844 TO: 0
20260317-20:47:54.481311000 : Sent SequenceReset TO: 2846
20260317-20:51:16.516115000 : Created session
20260317-20:51:16.516651000 : Connecting to fix-acceptor on port 5001 (Source :0)
20260317-20:51:16.517860000 : Initiated logon request
20260317-20:51:16.517898000 : Socket Error: Connection reset by peer.
20260317-20:51:16.517906000 : Disconnecting
20260317-20:51:21.513100000 : Connecting to fix-acceptor on port 5001 (Source :0)
20260317-20:51:21.513754000 : Initiated logon request
20260317-20:51:21.514146000 : Received logon response
20260317-20:51:21.514380000 : Received ResendRequest FROM: 3476 TO: 0
20260317-20:51:21.514456000 : Sent SequenceReset TO: 3478
20260317-20:53:49.778188000 : Created session
20260317-20:53:49.778509000 : Connecting to fix-acceptor on port 5001 (Source :0)
20260317-20:53:49.779590000 : Initiated logon request
20260317-20:53:49.779643000 : Socket Error: Connection reset by peer.
20260317-20:53:49.779651000 : Disconnecting
20260317-20:53:54.776609000 : Connecting to fix-acceptor on port 5001 (Source :0)
20260317-20:53:54.777271000 : Initiated logon request
20260317-20:53:54.777566000 : Received logon response
20260317-20:53:54.777739000 : Received ResendRequest FROM: 4018 TO: 0
20260317-20:53:54.777797000 : Sent SequenceReset TO: 4020
20260317-20:57:42.893222000 : Created session
20260317-20:57:42.893728000 : Connecting to fix-acceptor on port 5001 (Source :0)
20260317-20:57:42.894815000 : Initiated logon request
20260317-20:57:42.894846000 : Socket Error: Connection reset by peer.
20260317-20:57:42.894855000 : Disconnecting
20260317-20:57:47.890374000 : Connecting to fix-acceptor on port 5001 (Source :0)
20260317-20:57:47.891129000 : Initiated logon request
20260317-20:57:47.891507000 : Received logon response
20260317-20:57:47.891728000 : Received ResendRequest FROM: 4920 TO: 0
20260317-20:57:47.891786000 : Sent SequenceReset TO: 4922
20260317-21:00:47.221385000 : Created session
20260317-21:00:47.221770000 : Connecting to fix-acceptor on port 5001 (Source :0)
20260317-21:00:47.222902000 : Initiated logon request
20260317-21:00:47.222930000 : Socket Error: Connection reset by peer.
20260317-21:00:47.222937000 : Disconnecting
20260317-21:00:52.219212000 : Connecting to fix-acceptor on port 5001 (Source :0)
20260317-21:00:52.219904000 : Initiated logon request
20260317-21:00:52.220260000 : Received logon response
20260317-21:00:52.220445000 : Received ResendRequest FROM: 5522 TO: 0
20260317-21:00:52.220505000 : Sent SequenceReset TO: 5524
20260317-21:05:06.029386000 : Created session
20260317-21:05:06.030251000 : Connecting to fix-acceptor on port 5001 (Source :0)
20260317-21:05:06.032180000 : Initiated logon request
20260317-21:05:06.032225000 : Socket Error: Connection reset by peer.
20260317-21:05:06.032234000 : Disconnecting
20260317-21:05:11.990028000 : Connecting to fix-acceptor on port 5001 (Source :0)
20260317-21:05:11.990918000 : Initiated logon request
20260317-21:05:11.991709000 : Received logon response
20260317-21:05:11.992342000 : Received ResendRequest FROM: 5754 TO: 0
20260317-21:05:11.992422000 : Sent SequenceReset TO: 5756
20260317-21:09:24.114739000 : Created session
20260317-21:09:24.115135000 : Connecting to fix-acceptor on port 5001 (Source :0)
20260317-21:09:24.116312000 : Initiated logon request
20260317-21:09:24.116342000 : Socket Error: Connection reset by peer.
20260317-21:09:24.116349000 : Disconnecting
20260317-21:09:29.113002000 : Connecting to fix-acceptor on port 5001 (Source :0)
20260317-21:09:29.113840000 : Initiated logon request
20260317-21:09:29.114630000 : Received logon response
20260317-21:09:29.114832000 : Received ResendRequest FROM: 6626 TO: 0
20260317-21:09:29.114895000 : Sent SequenceReset TO: 6628
20260317-21:10:09.322427000 : Created session
20260317-21:10:09.322773000 : Connecting to fix-acceptor on port 5001 (Source :0)
20260317-21:10:09.324369000 : Initiated logon request
20260317-21:10:09.324396000 : Socket Error: Connection reset by peer.
20260317-21:10:09.324403000 : Disconnecting
20260317-21:10:14.320136000 : Connecting to fix-acceptor on port 5001 (Source :0)
20260317-21:10:14.320886000 : Initiated logon request
20260317-21:10:14.328299000 : Received logon response
20260317-21:10:14.328463000 : Received ResendRequest FROM: 6698 TO: 0
20260317-21:10:14.328526000 : Sent SequenceReset TO: 6700
20260317-21:33:53.142917000 : Created session
20260317-21:33:53.143845000 : Connecting to fix-acceptor on port 5001 (Source :0)
20260317-21:33:53.146297000 : Initiated logon request
20260317-21:33:53.146335000 : Socket Error: Connection reset by peer.
20260317-21:33:53.146343000 : Disconnecting
20260317-21:33:58.140824000 : Connecting to fix-acceptor on port 5001 (Source :0)
20260317-21:33:58.141709000 : Initiated logon request
20260317-21:33:58.156583000 : Received logon response
20260317-21:33:58.156769000 : Received ResendRequest FROM: 12750 TO: 0
20260317-21:33:58.156836000 : Sent SequenceReset TO: 12752
20260317-21:38:32.912008000 : Created session
20260317-21:38:32.912374000 : Connecting to fix-acceptor on port 5001 (Source :0)
20260317-21:38:32.913660000 : Initiated logon request
20260317-21:38:32.913704000 : Socket Error: Connection reset by peer.
20260317-21:38:32.913713000 : Disconnecting
20260317-21:38:37.907878000 : Connecting to fix-acceptor on port 5001 (Source :0)
20260317-21:38:37.908505000 : Initiated logon request
20260317-21:38:37.908794000 : Received logon response
20260317-21:38:37.908970000 : Received ResendRequest FROM: 13762 TO: 0
20260317-21:38:37.909045000 : Sent SequenceReset TO: 13764
